akka-2015-05-16 08:07:57,880  - ------------queueService load conf-------------------------
akka-2015-05-16 08:07:57,885  - dispatchParallel:2
akka-2015-05-16 08:07:57,886  - execParallel:2
akka-2015-05-16 08:07:57,886  - maxParallel:12
akka-2015-05-16 08:07:57,886  - queueList:[defaultQueue]
akka-2015-05-16 08:07:57,887  - -------------------------------------
akka-2015-05-16 08:12:37,944  - ------------queueService load conf-------------------------
akka-2015-05-16 08:12:37,949  - dispatchParallel:2
akka-2015-05-16 08:12:37,949  - execParallel:2
akka-2015-05-16 08:12:37,949  - maxParallel:12
akka-2015-05-16 08:12:37,949  - queueList:[defaultQueue]
akka-2015-05-16 08:12:37,950  - -------------------------------------
akka-2015-05-16 08:13:04,781  - ------------queueService load conf-------------------------
akka-2015-05-16 08:13:04,786  - dispatchParallel:2
akka-2015-05-16 08:13:04,786  - execParallel:2
akka-2015-05-16 08:13:04,787  - maxParallel:12
akka-2015-05-16 08:13:04,787  - queueList:[defaultQueue, helloWorld]
akka-2015-05-16 08:13:04,788  - -------------------------------------
akka-2015-05-16 08:17:34,544  - ------------queueService load conf-------------------------
akka-2015-05-16 08:17:34,549  - dispatchParallel:2
akka-2015-05-16 08:17:34,550  - execParallel:2
akka-2015-05-16 08:17:34,550  - maxParallel:12
akka-2015-05-16 08:17:34,550  - queueList:[defaultQueue, helloWorld]
akka-2015-05-16 08:17:34,551  - -------------------------------------
akka-2015-05-16 08:23:33,129  - ------------queueService load conf-------------------------
akka-2015-05-16 08:23:33,135  - dispatchParallel:2
akka-2015-05-16 08:23:33,135  - execParallel:2
akka-2015-05-16 08:23:33,135  - maxParallel:12
akka-2015-05-16 08:23:33,136  - queueList:[defaultQueue, helloWorld]
akka-2015-05-16 08:23:33,136  - -------------------------------------
akka-2015-05-16 08:24:44,391  - ------------queueService load conf-------------------------
akka-2015-05-16 08:24:44,396  - dispatchParallel:2
akka-2015-05-16 08:24:44,397  - execParallel:2
akka-2015-05-16 08:24:44,397  - maxParallel:12
akka-2015-05-16 08:24:44,397  - queueList:[defaultQueue, helloWorld]
akka-2015-05-16 08:24:44,398  - -------------------------------------
akka-2015-05-16 08:25:24,792  - ------------queueService load conf-------------------------
akka-2015-05-16 08:25:24,797  - dispatchParallel:2
akka-2015-05-16 08:25:24,798  - execParallel:2
akka-2015-05-16 08:25:24,798  - maxParallel:12
akka-2015-05-16 08:25:24,798  - queueList:[defaultQueue, helloWorld]
akka-2015-05-16 08:25:24,799  - -------------------------------------
akka-2015-05-16 08:27:43,063  - ------------queueService load conf-------------------------
akka-2015-05-16 08:27:43,070  - dispatchParallel:2
akka-2015-05-16 08:27:43,070  - execParallel:2
akka-2015-05-16 08:27:43,070  - maxParallel:12
akka-2015-05-16 08:27:43,071  - queueList:[defaultQueue, helloWorld]
akka-2015-05-16 08:27:43,071  - -------------------------------------
akka-2015-05-16 08:55:26,263 QUEUE.SERVICE(QueueTaskConf.java:41) - ------------queueService load conf-------------------------
akka-2015-05-16 08:55:26,268 QUEUE.SERVICE(QueueTaskConf.java:42) - dispatchParallel:2
akka-2015-05-16 08:55:26,269 QUEUE.SERVICE(QueueTaskConf.java:43) - execParallel:2
akka-2015-05-16 08:55:26,269 QUEUE.SERVICE(QueueTaskConf.java:44) - maxParallel:12
akka-2015-05-16 08:55:26,269 QUEUE.SERVICE(QueueTaskConf.java:45) - queueList:[defaultQueue, helloWorld]
akka-2015-05-16 08:55:26,270 QUEUE.SERVICE(QueueTaskConf.java:46) - -------------------------------------
akka-2015-05-16 10:18:51,581 QueueTaskConf.java:41 - ------------queueService load conf-------------------------
akka-2015-05-16 10:18:51,586 QueueTaskConf.java:42 - dispatchParallel:2
akka-2015-05-16 10:18:51,586 QueueTaskConf.java:43 - execParallel:2
akka-2015-05-16 10:18:51,587 QueueTaskConf.java:44 - maxParallel:12
akka-2015-05-16 10:18:51,587 QueueTaskConf.java:45 - queueList:[defaultQueue, helloWorld]
akka-2015-05-16 10:18:51,588 QueueTaskConf.java:46 - -------------------------------------
akka-2015-05-16 10:26:17,058 QueueTaskConf.java:41 - ------------queueService load conf-------------------------
akka-2015-05-16 10:26:17,065 QueueTaskConf.java:42 - dispatchParallel:2
akka-2015-05-16 10:26:17,066 QueueTaskConf.java:43 - execParallel:2
akka-2015-05-16 10:26:17,066 QueueTaskConf.java:44 - maxParallel:12
akka-2015-05-16 10:26:17,067 QueueTaskConf.java:45 - queueList:[defaultQueue, helloWorld]
akka-2015-05-16 10:26:17,067 QueueTaskConf.java:46 - -------------------------------------
akka-2015-05-16 10:37:59,461 QueueTaskConf.java:45 - ------------queueService load conf-------------------------
akka-2015-05-16 10:37:59,466 QueueTaskConf.java:46 - projectName:default
akka-2015-05-16 10:37:59,466 QueueTaskConf.java:47 - dispatchParallel:2
akka-2015-05-16 10:37:59,467 QueueTaskConf.java:48 - execParallel:2
akka-2015-05-16 10:37:59,467 QueueTaskConf.java:49 - maxParallel:12
akka-2015-05-16 10:37:59,467 QueueTaskConf.java:50 - queueList:[defaultQueue, helloWorld]
akka-2015-05-16 10:37:59,468 QueueTaskConf.java:51 - -------------------------------------
akka-2015-05-16 10:38:09,871 QueueTaskConf.java:45 - ------------queueService load conf-------------------------
akka-2015-05-16 10:38:09,877 QueueTaskConf.java:46 - projectName:default
akka-2015-05-16 10:38:09,877 QueueTaskConf.java:47 - dispatchParallel:2
akka-2015-05-16 10:38:09,877 QueueTaskConf.java:48 - execParallel:2
akka-2015-05-16 10:38:09,878 QueueTaskConf.java:49 - maxParallel:12
akka-2015-05-16 10:38:09,878 QueueTaskConf.java:50 - queueList:[defaultQueue, helloWorld]
akka-2015-05-16 10:38:09,878 QueueTaskConf.java:51 - -------------------------------------
akka-2015-05-16 10:38:23,248 QueueTaskConf.java:45 - ------------queueService load conf-------------------------
akka-2015-05-16 10:38:23,254 QueueTaskConf.java:46 - projectName:default
akka-2015-05-16 10:38:23,255 QueueTaskConf.java:47 - dispatchParallel:2
akka-2015-05-16 10:38:23,255 QueueTaskConf.java:48 - execParallel:2
akka-2015-05-16 10:38:23,255 QueueTaskConf.java:49 - maxParallel:12
akka-2015-05-16 10:38:23,256 QueueTaskConf.java:50 - queueList:[defaultQueue, helloWorld]
akka-2015-05-16 10:38:23,256 QueueTaskConf.java:51 - -------------------------------------
akka-2015-05-16 10:38:40,461 QueueTaskConf.java:45 - ------------queueService load conf-------------------------
akka-2015-05-16 10:38:40,466 QueueTaskConf.java:46 - projectName:default
akka-2015-05-16 10:38:40,466 QueueTaskConf.java:47 - dispatchParallel:2
akka-2015-05-16 10:38:40,467 QueueTaskConf.java:48 - execParallel:2
akka-2015-05-16 10:38:40,467 QueueTaskConf.java:49 - maxParallel:12
akka-2015-05-16 10:38:40,467 QueueTaskConf.java:50 - queueList:[defaultQueue, helloWorld]
akka-2015-05-16 10:38:40,468 QueueTaskConf.java:51 - -------------------------------------
akka-2015-05-16 11:24:44,136 QueueTaskConf.java:45 - ------------queueService load conf-------------------------
akka-2015-05-16 11:24:44,141 QueueTaskConf.java:46 - projectName:default
akka-2015-05-16 11:24:44,142 QueueTaskConf.java:47 - dispatchParallel:2
akka-2015-05-16 11:24:44,142 QueueTaskConf.java:48 - execParallel:2
akka-2015-05-16 11:24:44,142 QueueTaskConf.java:49 - maxParallel:12
akka-2015-05-16 11:24:44,143 QueueTaskConf.java:50 - queueList:[defaultQueue, helloWorld]
akka-2015-05-16 11:24:44,143 QueueTaskConf.java:51 - -------------------------------------
akka-2015-05-16 11:27:14,873 QueueTaskConf.java:45 - ------------queueService load conf-------------------------
akka-2015-05-16 11:27:14,877 QueueTaskConf.java:46 - projectName:default
akka-2015-05-16 11:27:14,878 QueueTaskConf.java:47 - dispatchParallel:2
akka-2015-05-16 11:27:14,878 QueueTaskConf.java:48 - execParallel:2
akka-2015-05-16 11:27:14,878 QueueTaskConf.java:49 - maxParallel:12
akka-2015-05-16 11:27:14,879 QueueTaskConf.java:50 - queueList:[defaultQueue, helloWorld]
akka-2015-05-16 11:27:14,879 QueueTaskConf.java:51 - -------------------------------------
